<?xml version="1.0" encoding="UTF-8"?>
<!-- Generated by org.testng.reporters.JUnitXMLReporter -->
<testsuite ignored="5" hostname="MSI" failures="0" tests="1" name="Default test" time="1.763" errors="0" timestamp="2023-04-18T14:02:05 CDT">
  <testcase classname="swag_labs.test.CheckoutTest" name="emptyZipCode" time="0.164"/>
  <testcase classname="swag_labs.test.CheckoutTest" name="emptyName" time="0.0">
    <ignored/>
  </testcase> <!-- emptyName -->
  <testcase classname="swag_labs.test.CheckoutTest" name="emptyLastName" time="0.0">
    <ignored/>
  </testcase> <!-- emptyLastName -->
  <testcase classname="swag_labs.test.CheckoutTest" name="CheckTitlePage" time="0.0">
    <ignored/>
  </testcase> <!-- CheckTitlePage -->
  <testcase classname="swag_labs.test.CheckoutTest" name="Continue" time="0.0">
    <ignored/>
  </testcase> <!-- Continue -->
  <testcase classname="swag_labs.test.CheckoutTest" name="CheckCancelButton" time="0.0">
    <ignored/>
  </testcase> <!-- CheckCancelButton -->
</testsuite> <!-- Default test -->
