<?xml version="1.0" encoding="UTF-8"?>
<!-- Generated by org.testng.reporters.JUnitXMLReporter -->
<testsuite ignored="0" hostname="MSI" failures="0" tests="9" name="Default test" time="17.363" errors="0" timestamp="2023-04-19T21:08:40 CDT">
  <testcase classname="swag_labs.test.LoginSwagTest" name="LoginAllTestsInOne" time="10.481"/>
  <testcase classname="swag_labs.test.LoginSwagTest" name="LoginBlockedUser" time="2.396"/>
  <testcase classname="swag_labs.test.LoginSwagTest" name="LoginEmptyPassword" time="0.962"/>
  <testcase classname="swag_labs.test.LoginSwagTest" name="LoginEmptyUser" time="0.678"/>
  <testcase classname="swag_labs.test.LoginSwagTest" name="LoginEmptyUserAndEmptyPassword" time="0.693"/>
  <testcase classname="swag_labs.test.LoginSwagTest" name="LoginRightCredentials" time="1.166"/>
  <testcase classname="swag_labs.test.LoginSwagTest" name="LoginWrongPassword" time="0.239"/>
  <testcase classname="swag_labs.test.LoginSwagTest" name="LoginWrongUser" time="0.256"/>
  <testcase classname="swag_labs.test.LoginSwagTest" name="LoginWrongUserFormat" time="0.332"/>
</testsuite> <!-- Default test -->
