<?xml version="1.0" encoding="UTF-8"?>
<!-- Generated by org.testng.reporters.JUnitXMLReporter -->
<testsuite ignored="1" hostname="MSI" failures="0" tests="8" name="Login" time="2.998" errors="0" timestamp="2023-04-13T16:10:16 CDT">
  <testcase classname="swag_labs.test.LoginSwagTest" name="LoginBlockedUser" time="0.889"/>
  <testcase classname="swag_labs.test.LoginSwagTest" name="LoginEmptyPassword" time="0.219"/>
  <testcase classname="swag_labs.test.LoginSwagTest" name="LoginEmptyUser" time="0.324"/>
  <testcase classname="swag_labs.test.LoginSwagTest" name="LoginEmptyUserAndEmptyPassword" time="0.185"/>
  <testcase classname="swag_labs.test.LoginSwagTest" name="LoginSuccessfully" time="0.822"/>
  <testcase classname="swag_labs.test.LoginSwagTest" name="LoginWrongPassword" time="0.177"/>
  <testcase classname="swag_labs.test.LoginSwagTest" name="LoginWrongUser" time="0.177"/>
  <testcase classname="swag_labs.test.LoginSwagTest" name="LoginWrongUserFormat" time="0.176"/>
  <testcase classname="swag_labs.test.LoginSwagTest" name="LoginAllTestsInOne" time="0.0">
    <ignored/>
  </testcase> <!-- LoginAllTestsInOne -->
</testsuite> <!-- Login -->
