<?xml version="1.0" encoding="UTF-8"?>
<!-- Generated by org.testng.reporters.JUnitXMLReporter -->
<testsuite ignored="8" hostname="MSI" failures="0" tests="1" name="main" time="2.2" errors="0" timestamp="2023-04-13T21:55:01 CDT">
  <testcase classname="swag_labs.test.LoginSwagTest" name="LoginRightCredentials" time="2.18"/>
  <testcase classname="swag_labs.test.LoginSwagTest" name="LoginBlockedUser" time="0.0">
    <ignored/>
  </testcase> <!-- LoginBlockedUser -->
  <testcase classname="swag_labs.test.LoginSwagTest" name="LoginWrongPassword" time="0.0">
    <ignored/>
  </testcase> <!-- LoginWrongPassword -->
  <testcase classname="swag_labs.test.LoginSwagTest" name="LoginEmptyPassword" time="0.0">
    <ignored/>
  </testcase> <!-- LoginEmptyPassword -->
  <testcase classname="swag_labs.test.LoginSwagTest" name="LoginEmptyUserAndEmptyPassword" time="0.0">
    <ignored/>
  </testcase> <!-- LoginEmptyUserAndEmptyPassword -->
  <testcase classname="swag_labs.test.LoginSwagTest" name="LoginAllTestsInOne" time="0.0">
    <ignored/>
  </testcase> <!-- LoginAllTestsInOne -->
  <testcase classname="swag_labs.test.LoginSwagTest" name="LoginWrongUser" time="0.0">
    <ignored/>
  </testcase> <!-- LoginWrongUser -->
  <testcase classname="swag_labs.test.LoginSwagTest" name="LoginWrongUserFormat" time="0.0">
    <ignored/>
  </testcase> <!-- LoginWrongUserFormat -->
  <testcase classname="swag_labs.test.LoginSwagTest" name="LoginEmptyUser" time="0.0">
    <ignored/>
  </testcase> <!-- LoginEmptyUser -->
</testsuite> <!-- main -->
