<?xml version="1.0" encoding="UTF-8"?>
<testng-results ignored="0" total="5" passed="5" failed="0" skipped="0">
  <reporter-output>
  </reporter-output>
  <suite started-at="2023-04-17T00:38:15 CDT" name="Default suite" finished-at="2023-04-17T00:39:59 CDT" duration-ms="104003">
    <groups>
    </groups>
    <test started-at="2023-04-17T00:38:15 CDT" name="Default test" finished-at="2023-04-17T00:39:59 CDT" duration-ms="104003">
      <class name="swag_labs.test.CartTest">
        <test-method is-config="true" signature="main()[pri:0, instance:swag_labs.test.CartTest@3bd55d8]" started-at="2023-04-17T00:38:15 CDT" name="main" finished-at="2023-04-17T00:38:16 CDT" duration-ms="1119" status="PASS">
          <reporter-output>
          </reporter-output>
        </test-method> <!-- main -->
        <test-method signature="checkCartIconIsVisibleAndClickable()[pri:0, instance:swag_labs.test.CartTest@3bd55d8]" started-at="2023-04-17T00:38:16 CDT" name="checkCartIconIsVisibleAndClickable" finished-at="2023-04-17T00:38:16 CDT" duration-ms="28" status="PASS">
          <reporter-output>
          </reporter-output>
        </test-method> <!-- checkCartIconIsVisibleAndClickable -->
        <test-method signature="checkout()[pri:0, instance:swag_labs.test.CartTest@3bd55d8]" started-at="2023-04-17T00:38:16 CDT" name="checkout" finished-at="2023-04-17T00:38:32 CDT" duration-ms="15619" status="PASS">
          <reporter-output>
          </reporter-output>
        </test-method> <!-- checkout -->
        <test-method signature="clickCartIcon()[pri:0, instance:swag_labs.test.CartTest@3bd55d8]" started-at="2023-04-17T00:38:32 CDT" name="clickCartIcon" finished-at="2023-04-17T00:38:32 CDT" duration-ms="200" status="PASS">
          <reporter-output>
          </reporter-output>
        </test-method> <!-- clickCartIcon -->
        <test-method signature="clickContinueShopping()[pri:0, instance:swag_labs.test.CartTest@3bd55d8]" started-at="2023-04-17T00:38:32 CDT" name="clickContinueShopping" finished-at="2023-04-17T00:38:32 CDT" duration-ms="145" status="PASS">
          <reporter-output>
          </reporter-output>
        </test-method> <!-- clickContinueShopping -->
        <test-method signature="removeItemFromCart()[pri:0, instance:swag_labs.test.CartTest@3bd55d8]" started-at="2023-04-17T00:38:32 CDT" name="removeItemFromCart" finished-at="2023-04-17T00:39:59 CDT" duration-ms="86878" status="PASS">
          <reporter-output>
          </reporter-output>
        </test-method> <!-- removeItemFromCart -->
      </class> <!-- swag_labs.test.CartTest -->
    </test> <!-- Default test -->
  </suite> <!-- Default suite -->
</testng-results>
