<?xml version="1.0" encoding="UTF-8"?>
<testng-results ignored="5" total="6" passed="1" failed="0" skipped="0">
  <reporter-output>
  </reporter-output>
  <suite started-at="2023-04-18T14:02:03 CDT" name="Default suite" finished-at="2023-04-18T14:02:05 CDT" duration-ms="1763">
    <groups>
    </groups>
    <test started-at="2023-04-18T14:02:03 CDT" name="Default test" finished-at="2023-04-18T14:02:05 CDT" duration-ms="1763">
      <class name="swag_labs.test.CheckoutTest">
        <test-method is-config="true" signature="main()[pri:0, instance:swag_labs.test.CheckoutTest@62a8fd44]" started-at="2023-04-18T14:02:03 CDT" name="main" finished-at="2023-04-18T14:02:05 CDT" duration-ms="1586" status="PASS">
          <reporter-output>
          </reporter-output>
        </test-method> <!-- main -->
        <test-method signature="emptyZipCode()[pri:0, instance:swag_labs.test.CheckoutTest@62a8fd44]" started-at="2023-04-18T14:02:05 CDT" name="emptyZipCode" finished-at="2023-04-18T14:02:05 CDT" duration-ms="164" status="PASS">
          <reporter-output>
          </reporter-output>
        </test-method> <!-- emptyZipCode -->
      </class> <!-- swag_labs.test.CheckoutTest -->
    </test> <!-- Default test -->
  </suite> <!-- Default suite -->
</testng-results>
